{
  "E:/workspace/workspace-front/RefontDeVueJs/src/services/pretService.ts": {
    "path": "E:/workspace/workspace-front/RefontDeVueJs/src/services/pretService.ts",
    "statementMap": {
      "0": {
        "start": {
          "line": 1,
          "column": 15
        },
        "end": {
          "line": 1,
          "column": 19
        }
      },
      "1": {
        "start": {
          "line": 3,
          "column": 2
        },
        "end": {
          "line": 9,
          "column": 3
        }
      },
      "2": {
        "start": {
          "line": 4,
          "column": 4
        },
        "end": {
          "line": 8,
          "column": 5
        }
      },
      "3": {
        "start": {
          "line": 5,
          "column": 6
        },
        "end": {
          "line": 5,
          "column": 83
        }
      },
      "4": {
        "start": {
          "line": 5,
          "column": 58
        },
        "end": {
          "line": 5,
          "column": 81
        }
      },
      "5": {
        "start": {
          "line": 7,
          "column": 6
        },
        "end": {
          "line": 7,
          "column": 83
        }
      },
      "6": {
        "start": {
          "line": 7,
          "column": 58
        },
        "end": {
          "line": 7,
          "column": 81
        }
      },
      "7": {
        "start": {
          "line": 10,
          "column": 2
        },
        "end": {
          "line": 10,
          "column": 18
        }
      }
    },
    "fnMap": {
      "0": {
        "name": "getPretService",
        "decl": {
          "start": {
            "line": 2,
            "column": 16
          },
          "end": {
            "line": 2,
            "column": 30
          }
        },
        "loc": {
          "start": {
            "line": 2,
            "column": 33
          },
          "end": {
            "line": 11,
            "column": 1
          }
        },
        "line": 2
      },
      "1": {
        "name": "(anonymous_1)",
        "decl": {
          "start": {
            "line": 5,
            "column": 51
          },
          "end": {
            "line": 5,
            "column": 52
          }
        },
        "loc": {
          "start": {
            "line": 5,
            "column": 58
          },
          "end": {
            "line": 5,
            "column": 81
          }
        },
        "line": 5
      },
      "2": {
        "name": "(anonymous_2)",
        "decl": {
          "start": {
            "line": 7,
            "column": 51
          },
          "end": {
            "line": 7,
            "column": 52
          }
        },
        "loc": {
          "start": {
            "line": 7,
            "column": 58
          },
          "end": {
            "line": 7,
            "column": 81
          }
        },
        "line": 7
      }
    },
    "branchMap": {
      "0": {
        "loc": {
          "start": {
            "line": 3,
            "column": 2
          },
          "end": {
            "line": 9,
            "column": 3
          }
        },
        "type": "if",
        "locations": [
          {
            "start": {
              "line": 3,
              "column": 2
            },
            "end": {
              "line": 9,
              "column": 3
            }
          },
          {
            "start": {},
            "end": {}
          }
        ],
        "line": 3
      },
      "1": {
        "loc": {
          "start": {
            "line": 4,
            "column": 4
          },
          "end": {
            "line": 8,
            "column": 5
          }
        },
        "type": "if",
        "locations": [
          {
            "start": {
              "line": 4,
              "column": 4
            },
            "end": {
              "line": 8,
              "column": 5
            }
          },
          {
            "start": {
              "line": 6,
              "column": 11
            },
            "end": {
              "line": 8,
              "column": 5
            }
          }
        ],
        "line": 4
      }
    },
    "s": {
      "0": 128,
      "1": 111,
      "2": 98,
      "3": 0,
      "4": 0,
      "5": 98,
      "6": 61,
      "7": 111
    },
    "f": {
      "0": 111,
      "1": 0,
      "2": 61
    },
    "b": {
      "0": [
        98,
        13
      ],
      "1": [
        0,
        98
      ]
    },
    "inputSourceMap": {
      "version": 3,
      "sources": [
        "E:/workspace/workspace-front/RefontDeVueJs/src/services/pretService.ts"
      ],
      "mappings": "AAEA,IAAI,WAAwC;AAOrC,gBAAS,iBAAuC;AACrD,MAAI,CAAC,UAAU;AACb,QAAI,YAAY,IAAI,kBAAkB,QAAQ;AAC5C,iBAAW,OAAO,oBAAoB,EAAE,KAAK,CAAC,MAAM,IAAI,EAAE,gBAAgB,CAAC;AAAA,IAC7E,OAAO;AACL,iBAAW,OAAO,oBAAoB,EAAE,KAAK,CAAC,MAAM,IAAI,EAAE,gBAAgB,CAAC;AAAA,IAC7E;AAAA,EACF;AACA,SAAO;AACT;",
      "names": []
    },
    "_coverageSchema": "1a1c01bbd47fc00a2c39e90264f33305004495a9",
    "hash": "bb5b75b8d3ef50be53aee0bae92138cd0e558c01"
  },
  "E:/workspace/workspace-front/RefontDeVueJs/src/stores/pretStore.ts": {
    "path": "E:/workspace/workspace-front/RefontDeVueJs/src/stores/pretStore.ts",
    "statementMap": {
      "0": {
        "start": {
          "line": 4,
          "column": 28
        },
        "end": {
          "line": 153,
          "column": 2
        }
      },
      "1": {
        "start": {
          "line": 5,
          "column": 28
        },
        "end": {
          "line": 5,
          "column": 47
        }
      },
      "2": {
        "start": {
          "line": 6,
          "column": 20
        },
        "end": {
          "line": 6,
          "column": 44
        }
      },
      "3": {
        "start": {
          "line": 7,
          "column": 18
        },
        "end": {
          "line": 7,
          "column": 28
        }
      },
      "4": {
        "start": {
          "line": 8,
          "column": 16
        },
        "end": {
          "line": 8,
          "column": 25
        }
      },
      "5": {
        "start": {
          "line": 9,
          "column": 27
        },
        "end": {
          "line": 9,
          "column": 37
        }
      },
      "6": {
        "start": {
          "line": 10,
          "column": 19
        },
        "end": {
          "line": 10,
          "column": 29
        }
      },
      "7": {
        "start": {
          "line": 11,
          "column": 22
        },
        "end": {
          "line": 15,
          "column": 4
        }
      },
      "8": {
        "start": {
          "line": 16,
          "column": 19
        },
        "end": {
          "line": 20,
          "column": 4
        }
      },
      "9": {
        "start": {
          "line": 21,
          "column": 25
        },
        "end": {
          "line": 21,
          "column": 34
        }
      },
      "10": {
        "start": {
          "line": 22,
          "column": 27
        },
        "end": {
          "line": 33,
          "column": 4
        }
      },
      "11": {
        "start": {
          "line": 34,
          "column": 22
        },
        "end": {
          "line": 48,
          "column": 4
        }
      },
      "12": {
        "start": {
          "line": 49,
          "column": 20
        },
        "end": {
          "line": 66,
          "column": 4
        }
      },
      "13": {
        "start": {
          "line": 68,
          "column": 4
        },
        "end": {
          "line": 68,
          "column": 43
        }
      },
      "14": {
        "start": {
          "line": 71,
          "column": 4
        },
        "end": {
          "line": 71,
          "column": 28
        }
      },
      "15": {
        "start": {
          "line": 74,
          "column": 4
        },
        "end": {
          "line": 74,
          "column": 37
        }
      },
      "16": {
        "start": {
          "line": 77,
          "column": 4
        },
        "end": {
          "line": 77,
          "column": 53
        }
      },
      "17": {
        "start": {
          "line": 80,
          "column": 4
        },
        "end": {
          "line": 80,
          "column": 37
        }
      },
      "18": {
        "start": {
          "line": 83,
          "column": 4
        },
        "end": {
          "line": 83,
          "column": 28
        }
      },
      "19": {
        "start": {
          "line": 84,
          "column": 4
        },
        "end": {
          "line": 84,
          "column": 25
        }
      },
      "20": {
        "start": {
          "line": 85,
          "column": 4
        },
        "end": {
          "line": 85,
          "column": 26
        }
      },
      "21": {
        "start": {
          "line": 88,
          "column": 4
        },
        "end": {
          "line": 88,
          "column": 29
        }
      },
      "22": {
        "start": {
          "line": 89,
          "column": 4
        },
        "end": {
          "line": 89,
          "column": 26
        }
      },
      "23": {
        "start": {
          "line": 90,
          "column": 4
        },
        "end": {
          "line": 90,
          "column": 27
        }
      },
      "24": {
        "start": {
          "line": 93,
          "column": 4
        },
        "end": {
          "line": 93,
          "column": 35
        }
      },
      "25": {
        "start": {
          "line": 94,
          "column": 4
        },
        "end": {
          "line": 94,
          "column": 62
        }
      },
      "26": {
        "start": {
          "line": 95,
          "column": 4
        },
        "end": {
          "line": 95,
          "column": 52
        }
      },
      "27": {
        "start": {
          "line": 96,
          "column": 4
        },
        "end": {
          "line": 96,
          "column": 44
        }
      },
      "28": {
        "start": {
          "line": 99,
          "column": 4
        },
        "end": {
          "line": 99,
          "column": 25
        }
      },
      "29": {
        "start": {
          "line": 100,
          "column": 4
        },
        "end": {
          "line": 100,
          "column": 23
        }
      },
      "30": {
        "start": {
          "line": 101,
          "column": 4
        },
        "end": {
          "line": 114,
          "column": 5
        }
      },
      "31": {
        "start": {
          "line": 102,
          "column": 22
        },
        "end": {
          "line": 102,
          "column": 44
        }
      },
      "32": {
        "start": {
          "line": 103,
          "column": 23
        },
        "end": {
          "line": 103,
          "column": 51
        }
      },
      "33": {
        "start": {
          "line": 104,
          "column": 6
        },
        "end": {
          "line": 108,
          "column": 7
        }
      },
      "34": {
        "start": {
          "line": 105,
          "column": 8
        },
        "end": {
          "line": 105,
          "column": 40
        }
      },
      "35": {
        "start": {
          "line": 107,
          "column": 8
        },
        "end": {
          "line": 107,
          "column": 70
        }
      },
      "36": {
        "start": {
          "line": 110,
          "column": 6
        },
        "end": {
          "line": 110,
          "column": 59
        }
      },
      "37": {
        "start": {
          "line": 111,
          "column": 6
        },
        "end": {
          "line": 111,
          "column": 23
        }
      },
      "38": {
        "start": {
          "line": 113,
          "column": 6
        },
        "end": {
          "line": 113,
          "column": 28
        }
      },
      "39": {
        "start": {
          "line": 117,
          "column": 4
        },
        "end": {
          "line": 119,
          "column": 7
        }
      },
      "40": {
        "start": {
          "line": 118,
          "column": 6
        },
        "end": {
          "line": 118,
          "column": 33
        }
      },
      "41": {
        "start": {
          "line": 120,
          "column": 4
        },
        "end": {
          "line": 122,
          "column": 7
        }
      },
      "42": {
        "start": {
          "line": 121,
          "column": 6
        },
        "end": {
          "line": 121,
          "column": 28
        }
      },
      "43": {
        "start": {
          "line": 123,
          "column": 4
        },
        "end": {
          "line": 125,
          "column": 7
        }
      },
      "44": {
        "start": {
          "line": 124,
          "column": 6
        },
        "end": {
          "line": 124,
          "column": 26
        }
      },
      "45": {
        "start": {
          "line": 127,
          "column": 2
        },
        "end": {
          "line": 152,
          "column": 4
        }
      }
    },
    "fnMap": {
      "0": {
        "name": "(anonymous_0)",
        "decl": {
          "start": {
            "line": 4,
            "column": 48
          },
          "end": {
            "line": 4,
            "column": 49
          }
        },
        "loc": {
          "start": {
            "line": 4,
            "column": 54
          },
          "end": {
            "line": 153,
            "column": 1
          }
        },
        "line": 4
      },
      "1": {
        "name": "toggleSection",
        "decl": {
          "start": {
            "line": 67,
            "column": 11
          },
          "end": {
            "line": 67,
            "column": 24
          }
        },
        "loc": {
          "start": {
            "line": 67,
            "column": 34
          },
          "end": {
            "line": 69,
            "column": 3
          }
        },
        "line": 67
      },
      "2": {
        "name": "setActiveTab",
        "decl": {
          "start": {
            "line": 70,
            "column": 11
          },
          "end": {
            "line": 70,
            "column": 23
          }
        },
        "loc": {
          "start": {
            "line": 70,
            "column": 31
          },
          "end": {
            "line": 72,
            "column": 3
          }
        },
        "line": 70
      },
      "3": {
        "name": "setActiveSidebarItem",
        "decl": {
          "start": {
            "line": 73,
            "column": 11
          },
          "end": {
            "line": 73,
            "column": 31
          }
        },
        "loc": {
          "start": {
            "line": 73,
            "column": 40
          },
          "end": {
            "line": 75,
            "column": 3
          }
        },
        "line": 73
      },
      "4": {
        "name": "toggleSidebar",
        "decl": {
          "start": {
            "line": 76,
            "column": 11
          },
          "end": {
            "line": 76,
            "column": 24
          }
        },
        "loc": {
          "start": {
            "line": 76,
            "column": 27
          },
          "end": {
            "line": 78,
            "column": 3
          }
        },
        "line": 76
      },
      "5": {
        "name": "toggleDarkMode",
        "decl": {
          "start": {
            "line": 79,
            "column": 11
          },
          "end": {
            "line": 79,
            "column": 25
          }
        },
        "loc": {
          "start": {
            "line": 79,
            "column": 28
          },
          "end": {
            "line": 81,
            "column": 3
          }
        },
        "line": 79
      },
      "6": {
        "name": "expandAllSections",
        "decl": {
          "start": {
            "line": 82,
            "column": 11
          },
          "end": {
            "line": 82,
            "column": 28
          }
        },
        "loc": {
          "start": {
            "line": 82,
            "column": 31
          },
          "end": {
            "line": 86,
            "column": 3
          }
        },
        "line": 82
      },
      "7": {
        "name": "collapseAllSections",
        "decl": {
          "start": {
            "line": 87,
            "column": 11
          },
          "end": {
            "line": 87,
            "column": 30
          }
        },
        "loc": {
          "start": {
            "line": 87,
            "column": 33
          },
          "end": {
            "line": 91,
            "column": 3
          }
        },
        "line": 87
      },
      "8": {
        "name": "appliquerDossier",
        "decl": {
          "start": {
            "line": 92,
            "column": 11
          },
          "end": {
            "line": 92,
            "column": 27
          }
        },
        "loc": {
          "start": {
            "line": 92,
            "column": 37
          },
          "end": {
            "line": 97,
            "column": 3
          }
        },
        "line": 92
      },
      "9": {
        "name": "chargerDossier",
        "decl": {
          "start": {
            "line": 98,
            "column": 17
          },
          "end": {
            "line": 98,
            "column": 31
          }
        },
        "loc": {
          "start": {
            "line": 98,
            "column": 36
          },
          "end": {
            "line": 115,
            "column": 3
          }
        },
        "line": 98
      },
      "10": {
        "name": "resetFormulaire",
        "decl": {
          "start": {
            "line": 116,
            "column": 11
          },
          "end": {
            "line": 116,
            "column": 26
          }
        },
        "loc": {
          "start": {
            "line": 116,
            "column": 29
          },
          "end": {
            "line": 126,
            "column": 3
          }
        },
        "line": 116
      },
      "11": {
        "name": "(anonymous_11)",
        "decl": {
          "start": {
            "line": 117,
            "column": 42
          },
          "end": {
            "line": 117,
            "column": 43
          }
        },
        "loc": {
          "start": {
            "line": 117,
            "column": 51
          },
          "end": {
            "line": 119,
            "column": 5
          }
        },
        "line": 117
      },
      "12": {
        "name": "(anonymous_12)",
        "decl": {
          "start": {
            "line": 120,
            "column": 37
          },
          "end": {
            "line": 120,
            "column": 38
          }
        },
        "loc": {
          "start": {
            "line": 120,
            "column": 46
          },
          "end": {
            "line": 122,
            "column": 5
          }
        },
        "line": 120
      },
      "13": {
        "name": "(anonymous_13)",
        "decl": {
          "start": {
            "line": 123,
            "column": 35
          },
          "end": {
            "line": 123,
            "column": 36
          }
        },
        "loc": {
          "start": {
            "line": 123,
            "column": 44
          },
          "end": {
            "line": 125,
            "column": 5
          }
        },
        "line": 123
      }
    },
    "branchMap": {
      "0": {
        "loc": {
          "start": {
            "line": 104,
            "column": 6
          },
          "end": {
            "line": 108,
            "column": 7
          }
        },
        "type": "if",
        "locations": [
          {
            "start": {
              "line": 104,
              "column": 6
            },
            "end": {
              "line": 108,
              "column": 7
            }
          },
          {
            "start": {
              "line": 106,
              "column": 13
            },
            "end": {
              "line": 108,
              "column": 7
            }
          }
        ],
        "line": 104
      },
      "1": {
        "loc": {
          "start": {
            "line": 107,
            "column": 22
          },
          "end": {
            "line": 107,
            "column": 69
          }
        },
        "type": "binary-expr",
        "locations": [
          {
            "start": {
              "line": 107,
              "column": 22
            },
            "end": {
              "line": 107,
              "column": 38
            }
          },
          {
            "start": {
              "line": 107,
              "column": 42
            },
            "end": {
              "line": 107,
              "column": 69
            }
          }
        ],
        "line": 107
      }
    },
    "s": {
      "0": 128,
      "1": 128,
      "2": 128,
      "3": 128,
      "4": 128,
      "5": 128,
      "6": 128,
      "7": 128,
      "8": 128,
      "9": 128,
      "10": 128,
      "11": 128,
      "12": 128,
      "13": 9,
      "14": 0,
      "15": 27,
      "16": 12,
      "17": 6,
      "18": 5,
      "19": 5,
      "20": 5,
      "21": 6,
      "22": 6,
      "23": 6,
      "24": 3,
      "25": 3,
      "26": 3,
      "27": 3,
      "28": 12,
      "29": 12,
      "30": 12,
      "31": 12,
      "32": 12,
      "33": 3,
      "34": 3,
      "35": 0,
      "36": 0,
      "37": 0,
      "38": 3,
      "39": 0,
      "40": 0,
      "41": 0,
      "42": 0,
      "43": 0,
      "44": 0,
      "45": 128
    },
    "f": {
      "0": 128,
      "1": 9,
      "2": 0,
      "3": 27,
      "4": 12,
      "5": 6,
      "6": 5,
      "7": 6,
      "8": 3,
      "9": 12,
      "10": 0,
      "11": 0,
      "12": 0,
      "13": 0
    },
    "b": {
      "0": [
        3,
        0
      ],
      "1": [
        0,
        0
      ]
    },
    "inputSourceMap": {
      "version": 3,
      "sources": [
        "E:/workspace/workspace-front/RefontDeVueJs/src/stores/pretStore.ts"
      ],
      "mappings": "AAAA,SAAS,mBAAmB;AAC5B,SAAS,KAAK,gBAAgB;AAS9B,SAAS,sBAAsB;AAKxB,aAAM,eAAe,YAAY,QAAQ,MAAM;AAEpD,QAAM,oBAAoB,IAAY,cAAc;AACpD,QAAM,YAAY,IAAY,mBAAmB;AACjD,QAAM,UAAU,IAAa,KAAK;AAClC,QAAM,QAAQ,IAAmB,IAAI;AACrC,QAAM,mBAAmB,IAAa,KAAK;AAC3C,QAAM,WAAW,IAAa,KAAK;AACnC,QAAM,cAAc,IAAc;AAAA,IAChC,KAAK;AAAA,IACL,QAAQ;AAAA,IACR,WAAW;AAAA,EACb,CAAC;AAGD,QAAM,WAAW,SAAuB;AAAA,IACtC,SAAS;AAAA,IACT,MAAM;AAAA,IACN,OAAO;AAAA,EACT,CAAC;AAGD,QAAM,iBAAiB,IAAwB,IAAI;AAGnD,QAAM,mBAAmB,SAA2B;AAAA,IAClD,YAAY;AAAA,IACZ,cAAc;AAAA,IACd,QAAQ;AAAA,IACR,yBAAyB;AAAA,IACzB,uBAAuB;AAAA,IACvB,KAAK;AAAA,IACL,WAAW;AAAA,IACX,UAAU;AAAA,IACV,WAAW;AAAA,IACX,YAAY;AAAA,EACd,CAAC;AAED,QAAM,cAAc,SAAsB;AAAA,IACxC,aAAa;AAAA,IACb,WAAW;AAAA,IACX,mBAAmB;AAAA,IACnB,eAAe;AAAA,IACf,kBAAkB;AAAA,IAClB,cAAc;AAAA,IACd,mBAAmB;AAAA,IACnB,kBAAkB;AAAA,IAClB,iBAAiB;AAAA,IACjB,mBAAmB;AAAA,IACnB,WAAW;AAAA,IACX,SAAS;AAAA,IACT,KAAK;AAAA,EACP,CAAC;AAED,QAAM,YAAY,SAAoB;AAAA,IACpC,iBAAiB;AAAA,IACjB,YAAY;AAAA,IACZ,qBAAqB;AAAA,IACrB,oBAAoB;AAAA,IACpB,WAAW;AAAA,IACX,kBAAkB;AAAA,IAClB,aAAa;AAAA,IACb,aAAa;AAAA,IACb,aAAa;AAAA,IACb,mBAAmB;AAAA,IACnB,wBAAwB;AAAA,IACxB,uBAAuB;AAAA,IACvB,yBAAyB;AAAA,IACzB,uBAAuB;AAAA,IACvB,sBAAsB;AAAA,IACtB,oBAAoB;AAAA,EACtB,CAAC;AAID,WAAS,cAAc,SAA6B;AAClD,aAAS,OAAO,IAAI,CAAC,SAAS,OAAO;AAAA,EACvC;AAEA,WAAS,aAAa,OAAe;AACnC,cAAU,QAAQ;AAAA,EACpB;AAEA,WAAS,qBAAqB,QAAgB;AAC5C,sBAAkB,QAAQ;AAAA,EAC5B;AAEA,WAAS,gBAAgB;AACvB,qBAAiB,QAAQ,CAAC,iBAAiB;AAAA,EAC7C;AAEA,WAAS,iBAAiB;AACxB,aAAS,QAAQ,CAAC,SAAS;AAAA,EAC7B;AAEA,WAAS,oBAAoB;AAC3B,aAAS,UAAU;AACnB,aAAS,OAAO;AAChB,aAAS,QAAQ;AAAA,EACnB;AAEA,WAAS,sBAAsB;AAC7B,aAAS,UAAU;AACnB,aAAS,OAAO;AAChB,aAAS,QAAQ;AAAA,EACnB;AAEA,WAAS,iBAAiB,SAAsB;AAC9C,mBAAe,QAAQ;AACvB,WAAO,OAAO,kBAAkB,QAAQ,gBAAgB;AACxD,WAAO,OAAO,aAAa,QAAQ,WAAW;AAC9C,WAAO,OAAO,WAAW,QAAQ,KAAK;AAAA,EACxC;AAEA,iBAAe,eAAe,IAAY;AACxC,YAAQ,QAAQ;AAChB,UAAM,QAAQ;AACd,QAAI;AACF,YAAM,UAAU,MAAM,eAAe;AACrC,YAAM,WAAW,MAAM,QAAQ,WAAW,EAAE;AAC5C,UAAI,SAAS,SAAS;AACpB,yBAAiB,SAAS,IAAI;AAAA,MAChC,OAAO;AACL,cAAM,QAAQ,SAAS,WAAW;AAAA,MACpC;AAAA,IACF,SAAS,GAAG;AACV,YAAM,QAAQ;AACd,cAAQ,MAAM,CAAC;AAAA,IACjB,UAAE;AACA,cAAQ,QAAQ;AAAA,IAClB;AAAA,EACF;AAEA,WAAS,kBAAkB;AACzB,WAAO,KAAK,gBAAgB,EAAE,QAAQ,CAAC,QAAQ;AAC7C,MAAC,iBAAyB,GAAG,IAAI;AAAA,IACnC,CAAC;AACD,WAAO,KAAK,WAAW,EAAE,QAAQ,CAAC,QAAQ;AACxC,MAAC,YAAoB,GAAG,IAAI;AAAA,IAC9B,CAAC;AACD,WAAO,KAAK,SAAS,EAAE,QAAQ,CAAC,QAAQ;AACtC,MAAC,UAAkB,GAAG,IAAI;AAAA,IAC5B,CAAC;AAAA,EACH;AAEA,SAAO;AAAA;AAAA,IAEL;AAAA,IACA;AAAA,IACA;AAAA,IACA;AAAA,IACA;AAAA,IACA;AAAA,IACA;AAAA,IACA;AAAA,IACA;AAAA,IACA;AAAA,IACA;AAAA,IACA;AAAA;AAAA,IAEA;AAAA,IACA;AAAA,IACA;AAAA,IACA;AAAA,IACA;AAAA,IACA;AAAA,IACA;AAAA,IACA;AAAA,IACA;AAAA,IACA;AAAA,EACF;AACF,CAAC;",
      "names": []
    },
    "_coverageSchema": "1a1c01bbd47fc00a2c39e90264f33305004495a9",
    "hash": "76b5cb3a9112e4f2ee5ce290e56b26262c7e4678"
  },
  "E:/workspace/workspace-front/RefontDeVueJs/src/App.vue": {
    "path": "E:/workspace/workspace-front/RefontDeVueJs/src/App.vue",
    "statementMap": {
      "0": {
        "start": {
          "line": 4,
          "column": 34
        },
        "end": {
          "line": 17,
          "column": 2
        }
      },
      "1": {
        "start": {
          "line": 7,
          "column": 4
        },
        "end": {
          "line": 7,
          "column": 15
        }
      },
      "2": {
        "start": {
          "line": 8,
          "column": 18
        },
        "end": {
          "line": 8,
          "column": 32
        }
      },
      "3": {
        "start": {
          "line": 9,
          "column": 4
        },
        "end": {
          "line": 12,
          "column": 28
        }
      },
      "4": {
        "start": {
          "line": 9,
          "column": 16
        },
        "end": {
          "line": 9,
          "column": 30
        }
      },
      "5": {
        "start": {
          "line": 10,
          "column": 6
        },
        "end": {
          "line": 10,
          "column": 51
        }
      },
      "6": {
        "start": {
          "line": 11,
          "column": 6
        },
        "end": {
          "line": 11,
          "column": 69
        }
      },
      "7": {
        "start": {
          "line": 13,
          "column": 25
        },
        "end": {
          "line": 13,
          "column": 34
        }
      },
      "8": {
        "start": {
          "line": 14,
          "column": 4
        },
        "end": {
          "line": 14,
          "column": 95
        }
      },
      "9": {
        "start": {
          "line": 15,
          "column": 4
        },
        "end": {
          "line": 15,
          "column": 24
        }
      },
      "10": {
        "start": {
          "line": 20,
          "column": 33
        },
        "end": {
          "line": 20,
          "column": 65
        }
      },
      "11": {
        "start": {
          "line": 21,
          "column": 2
        },
        "end": {
          "line": 21,
          "column": 60
        }
      },
      "12": {
        "start": {
          "line": 23,
          "column": 0
        },
        "end": {
          "line": 23,
          "column": 31
        }
      },
      "13": {
        "start": {
          "line": 24,
          "column": 0
        },
        "end": {
          "line": 24,
          "column": 109
        }
      },
      "14": {
        "start": {
          "line": 25,
          "column": 0
        },
        "end": {
          "line": 27,
          "column": 3
        }
      },
      "15": {
        "start": {
          "line": 26,
          "column": 2
        },
        "end": {
          "line": 26,
          "column": 42
        }
      },
      "16": {
        "start": {
          "line": 28,
          "column": 0
        },
        "end": {
          "line": 36,
          "column": 3
        }
      },
      "17": {
        "start": {
          "line": 29,
          "column": 2
        },
        "end": {
          "line": 29,
          "column": 19
        }
      },
      "18": {
        "start": {
          "line": 29,
          "column": 12
        },
        "end": {
          "line": 29,
          "column": 19
        }
      },
      "19": {
        "start": {
          "line": 30,
          "column": 47
        },
        "end": {
          "line": 30,
          "column": 50
        }
      },
      "20": {
        "start": {
          "line": 31,
          "column": 2
        },
        "end": {
          "line": 35,
          "column": 3
        }
      },
      "21": {
        "start": {
          "line": 32,
          "column": 4
        },
        "end": {
          "line": 32,
          "column": 66
        }
      },
      "22": {
        "start": {
          "line": 34,
          "column": 4
        },
        "end": {
          "line": 34,
          "column": 57
        }
      }
    },
    "fnMap": {
      "0": {
        "name": "(anonymous_0)",
        "decl": {
          "start": {
            "line": 6,
            "column": 2
          },
          "end": {
            "line": 6,
            "column": 3
          }
        },
        "loc": {
          "start": {
            "line": 6,
            "column": 39
          },
          "end": {
            "line": 16,
            "column": 3
          }
        },
        "line": 6
      },
      "1": {
        "name": "(anonymous_1)",
        "decl": {
          "start": {
            "line": 9,
            "column": 10
          },
          "end": {
            "line": 9,
            "column": 11
          }
        },
        "loc": {
          "start": {
            "line": 9,
            "column": 16
          },
          "end": {
            "line": 9,
            "column": 30
          }
        },
        "line": 9
      },
      "2": {
        "name": "(anonymous_2)",
        "decl": {
          "start": {
            "line": 9,
            "column": 32
          },
          "end": {
            "line": 9,
            "column": 33
          }
        },
        "loc": {
          "start": {
            "line": 9,
            "column": 44
          },
          "end": {
            "line": 12,
            "column": 5
          }
        },
        "line": 9
      },
      "3": {
        "name": "_sfc_render",
        "decl": {
          "start": {
            "line": 19,
            "column": 9
          },
          "end": {
            "line": 19,
            "column": 20
          }
        },
        "loc": {
          "start": {
            "line": 19,
            "column": 68
          },
          "end": {
            "line": 22,
            "column": 1
          }
        },
        "line": 19
      },
      "4": {
        "name": "(anonymous_4)",
        "decl": {
          "start": {
            "line": 25,
            "column": 35
          },
          "end": {
            "line": 25,
            "column": 36
          }
        },
        "loc": {
          "start": {
            "line": 25,
            "column": 49
          },
          "end": {
            "line": 27,
            "column": 1
          }
        },
        "line": 25
      },
      "5": {
        "name": "(anonymous_5)",
        "decl": {
          "start": {
            "line": 28,
            "column": 23
          },
          "end": {
            "line": 28,
            "column": 24
          }
        },
        "loc": {
          "start": {
            "line": 28,
            "column": 32
          },
          "end": {
            "line": 36,
            "column": 1
          }
        },
        "line": 28
      }
    },
    "branchMap": {
      "0": {
        "loc": {
          "start": {
            "line": 24,
            "column": 0
          },
          "end": {
            "line": 24,
            "column": 108
          }
        },
        "type": "binary-expr",
        "locations": [
          {
            "start": {
              "line": 24,
              "column": 0
            },
            "end": {
              "line": 24,
              "column": 42
            }
          },
          {
            "start": {
              "line": 24,
              "column": 46
            },
            "end": {
              "line": 24,
              "column": 108
            }
          }
        ],
        "line": 24
      },
      "1": {
        "loc": {
          "start": {
            "line": 29,
            "column": 2
          },
          "end": {
            "line": 29,
            "column": 19
          }
        },
        "type": "if",
        "locations": [
          {
            "start": {
              "line": 29,
              "column": 2
            },
            "end": {
              "line": 29,
              "column": 19
            }
          },
          {
            "start": {},
            "end": {}
          }
        ],
        "line": 29
      },
      "2": {
        "loc": {
          "start": {
            "line": 31,
            "column": 2
          },
          "end": {
            "line": 35,
            "column": 3
          }
        },
        "type": "if",
        "locations": [
          {
            "start": {
              "line": 31,
              "column": 2
            },
            "end": {
              "line": 35,
              "column": 3
            }
          },
          {
            "start": {
              "line": 33,
              "column": 9
            },
            "end": {
              "line": 35,
              "column": 3
            }
          }
        ],
        "line": 31
      }
    },
    "s": {
      "0": 128,
      "1": 128,
      "2": 128,
      "3": 128,
      "4": 134,
      "5": 134,
      "6": 134,
      "7": 128,
      "8": 128,
      "9": 128,
      "10": 128,
      "11": 128,
      "12": 128,
      "13": 128,
      "14": 128,
      "15": 0,
      "16": 128,
      "17": 0,
      "18": 0,
      "19": 0,
      "20": 0,
      "21": 0,
      "22": 0
    },
    "f": {
      "0": 128,
      "1": 134,
      "2": 134,
      "3": 128,
      "4": 0,
      "5": 0
    },
    "b": {
      "0": [
        128,
        128
      ],
      "1": [
        0,
        0
      ],
      "2": [
        0,
        0
      ]
    },
    "inputSourceMap": {
      "version": 3,
      "mappings": ";AAKA,SAAS,aAAa;AACtB,SAAS,oBAAoB;;;;;AAE7B,UAAM,QAAQ,aAAa;AAG3B,UAAM,MAAM,MAAM,UAAU,CAAC,WAAW;AACtC,cAAQ,IAAI,yBAAyB,MAAM;AAC3C,eAAS,gBAAgB,UAAU,OAAO,aAAa,MAAM;AAAA,IAC/D,GAAG,EAAE,WAAW,KAAK,CAAC;;;;;;;;;uBAbpB,aAAe",
      "names": [],
      "ignoreList": [],
      "sources": [
        "E:/workspace/workspace-front/RefontDeVueJs/src/App.vue"
      ],
      "file": "E:/workspace/workspace-front/RefontDeVueJs/src/App.vue"
    },
    "_coverageSchema": "1a1c01bbd47fc00a2c39e90264f33305004495a9",
    "hash": "92d8068003a14485df76aba08a6e13adaf1ba19d"
  },
  "E:/workspace/workspace-front/RefontDeVueJs/src/router/index.ts": {
    "path": "E:/workspace/workspace-front/RefontDeVueJs/src/router/index.ts",
    "statementMap": {
      "0": {
        "start": {
          "line": 2,
          "column": 15
        },
        "end": {
          "line": 69,
          "column": 1
        }
      },
      "1": {
        "start": {
          "line": 10,
          "column": 21
        },
        "end": {
          "line": 10,
          "column": 55
        }
      },
      "2": {
        "start": {
          "line": 16,
          "column": 25
        },
        "end": {
          "line": 16,
          "column": 63
        }
      },
      "3": {
        "start": {
          "line": 22,
          "column": 25
        },
        "end": {
          "line": 22,
          "column": 69
        }
      },
      "4": {
        "start": {
          "line": 28,
          "column": 25
        },
        "end": {
          "line": 28,
          "column": 58
        }
      },
      "5": {
        "start": {
          "line": 34,
          "column": 25
        },
        "end": {
          "line": 34,
          "column": 64
        }
      },
      "6": {
        "start": {
          "line": 42,
          "column": 21
        },
        "end": {
          "line": 42,
          "column": 55
        }
      },
      "7": {
        "start": {
          "line": 47,
          "column": 25
        },
        "end": {
          "line": 47,
          "column": 60
        }
      },
      "8": {
        "start": {
          "line": 55,
          "column": 21
        },
        "end": {
          "line": 55,
          "column": 55
        }
      },
      "9": {
        "start": {
          "line": 60,
          "column": 25
        },
        "end": {
          "line": 60,
          "column": 63
        }
      },
      "10": {
        "start": {
          "line": 70,
          "column": 15
        },
        "end": {
          "line": 73,
          "column": 2
        }
      },
      "11": {
        "start": {
          "line": 74,
          "column": 0
        },
        "end": {
          "line": 77,
          "column": 3
        }
      },
      "12": {
        "start": {
          "line": 75,
          "column": 16
        },
        "end": {
          "line": 75,
          "column": 52
        }
      },
      "13": {
        "start": {
          "line": 76,
          "column": 2
        },
        "end": {
          "line": 76,
          "column": 38
        }
      }
    },
    "fnMap": {
      "0": {
        "name": "(anonymous_0)",
        "decl": {
          "start": {
            "line": 10,
            "column": 15
          },
          "end": {
            "line": 10,
            "column": 16
          }
        },
        "loc": {
          "start": {
            "line": 10,
            "column": 21
          },
          "end": {
            "line": 10,
            "column": 55
          }
        },
        "line": 10
      },
      "1": {
        "name": "(anonymous_1)",
        "decl": {
          "start": {
            "line": 16,
            "column": 19
          },
          "end": {
            "line": 16,
            "column": 20
          }
        },
        "loc": {
          "start": {
            "line": 16,
            "column": 25
          },
          "end": {
            "line": 16,
            "column": 63
          }
        },
        "line": 16
      },
      "2": {
        "name": "(anonymous_2)",
        "decl": {
          "start": {
            "line": 22,
            "column": 19
          },
          "end": {
            "line": 22,
            "column": 20
          }
        },
        "loc": {
          "start": {
            "line": 22,
            "column": 25
          },
          "end": {
            "line": 22,
            "column": 69
          }
        },
        "line": 22
      },
      "3": {
        "name": "(anonymous_3)",
        "decl": {
          "start": {
            "line": 28,
            "column": 19
          },
          "end": {
            "line": 28,
            "column": 20
          }
        },
        "loc": {
          "start": {
            "line": 28,
            "column": 25
          },
          "end": {
            "line": 28,
            "column": 58
          }
        },
        "line": 28
      },
      "4": {
        "name": "(anonymous_4)",
        "decl": {
          "start": {
            "line": 34,
            "column": 19
          },
          "end": {
            "line": 34,
            "column": 20
          }
        },
        "loc": {
          "start": {
            "line": 34,
            "column": 25
          },
          "end": {
            "line": 34,
            "column": 64
          }
        },
        "line": 34
      },
      "5": {
        "name": "(anonymous_5)",
        "decl": {
          "start": {
            "line": 42,
            "column": 15
          },
          "end": {
            "line": 42,
            "column": 16
          }
        },
        "loc": {
          "start": {
            "line": 42,
            "column": 21
          },
          "end": {
            "line": 42,
            "column": 55
          }
        },
        "line": 42
      },
      "6": {
        "name": "(anonymous_6)",
        "decl": {
          "start": {
            "line": 47,
            "column": 19
          },
          "end": {
            "line": 47,
            "column": 20
          }
        },
        "loc": {
          "start": {
            "line": 47,
            "column": 25
          },
          "end": {
            "line": 47,
            "column": 60
          }
        },
        "line": 47
      },
      "7": {
        "name": "(anonymous_7)",
        "decl": {
          "start": {
            "line": 55,
            "column": 15
          },
          "end": {
            "line": 55,
            "column": 16
          }
        },
        "loc": {
          "start": {
            "line": 55,
            "column": 21
          },
          "end": {
            "line": 55,
            "column": 55
          }
        },
        "line": 55
      },
      "8": {
        "name": "(anonymous_8)",
        "decl": {
          "start": {
            "line": 60,
            "column": 19
          },
          "end": {
            "line": 60,
            "column": 20
          }
        },
        "loc": {
          "start": {
            "line": 60,
            "column": 25
          },
          "end": {
            "line": 60,
            "column": 63
          }
        },
        "line": 60
      },
      "9": {
        "name": "(anonymous_9)",
        "decl": {
          "start": {
            "line": 74,
            "column": 18
          },
          "end": {
            "line": 74,
            "column": 19
          }
        },
        "loc": {
          "start": {
            "line": 74,
            "column": 26
          },
          "end": {
            "line": 77,
            "column": 1
          }
        },
        "line": 74
      }
    },
    "branchMap": {
      "0": {
        "loc": {
          "start": {
            "line": 75,
            "column": 16
          },
          "end": {
            "line": 75,
            "column": 52
          }
        },
        "type": "binary-expr",
        "locations": [
          {
            "start": {
              "line": 75,
              "column": 16
            },
            "end": {
              "line": 75,
              "column": 29
            }
          },
          {
            "start": {
              "line": 75,
              "column": 33
            },
            "end": {
              "line": 75,
              "column": 52
            }
          }
        ],
        "line": 75
      }
    },
    "s": {
      "0": 128,
      "1": 118,
      "2": 102,
      "3": 12,
      "4": 10,
      "5": 7,
      "6": 19,
      "7": 19,
      "8": 12,
      "9": 12,
      "10": 128,
      "11": 128,
      "12": 171,
      "13": 171
    },
    "f": {
      "0": 118,
      "1": 102,
      "2": 12,
      "3": 10,
      "4": 7,
      "5": 19,
      "6": 19,
      "7": 12,
      "8": 12,
      "9": 171
    },
    "b": {
      "0": [
        171,
        0
      ]
    },
    "inputSourceMap": {
      "version": 3,
      "sources": [
        "E:/workspace/workspace-front/RefontDeVueJs/src/router/index.ts"
      ],
      "mappings": "AAAA,SAAS,cAAc,wBAA6C;AAEpE,MAAM,SAA2B;AAAA,EAC/B;AAAA,IACE,MAAM;AAAA,IACN,UAAU;AAAA,EACZ;AAAA,EACA;AAAA,IACE,MAAM;AAAA,IACN,MAAM;AAAA,IACN,WAAW,MAAM,OAAO,0BAA0B;AAAA,IAClD,UAAU;AAAA,IACV,UAAU;AAAA,MACR;AAAA,QACE,MAAM;AAAA,QACN,MAAM;AAAA,QACN,WAAW,MAAM,OAAO,8BAA8B;AAAA,QACtD,MAAM,EAAE,OAAO,qBAAqB,OAAO,oBAAoB;AAAA,MACjE;AAAA,MACA;AAAA,QACE,MAAM;AAAA,QACN,MAAM;AAAA,QACN,WAAW,MAAM,OAAO,oCAAoC;AAAA,QAC5D,MAAM,EAAE,OAAO,uBAAuB,OAAO,sBAAsB;AAAA,MACrE;AAAA,MACA;AAAA,QACE,MAAM;AAAA,QACN,MAAM;AAAA,QACN,WAAW,MAAM,OAAO,yBAAyB;AAAA,QACjD,MAAM,EAAE,OAAO,WAAW,OAAO,UAAU;AAAA,MAC7C;AAAA,MACA;AAAA,QACE,MAAM;AAAA,QACN,MAAM;AAAA,QACN,WAAW,MAAM,OAAO,+BAA+B;AAAA,QACvD,MAAM,EAAE,OAAO,iBAAiB,OAAO,gBAAgB;AAAA,MACzD;AAAA,IACF;AAAA,EACF;AAAA,EACA;AAAA,IACE,MAAM;AAAA,IACN,MAAM;AAAA,IACN,WAAW,MAAM,OAAO,0BAA0B;AAAA,IAClD,UAAU;AAAA,MACR;AAAA,QACE,MAAM;AAAA,QACN,MAAM;AAAA,QACN,WAAW,MAAM,OAAO,2BAA2B;AAAA,QACnD,MAAM,EAAE,OAAO,YAAY;AAAA,MAC7B;AAAA,IACF;AAAA,EACF;AAAA,EACA;AAAA,IACE,MAAM;AAAA,IACN,MAAM;AAAA,IACN,WAAW,MAAM,OAAO,0BAA0B;AAAA,IAClD,UAAU;AAAA,MACR;AAAA,QACE,MAAM;AAAA,QACN,MAAM;AAAA,QACN,WAAW,MAAM,OAAO,8BAA8B;AAAA,QACtD,MAAM,EAAE,OAAO,gBAAgB;AAAA,MACjC;AAAA,IACF;AAAA,EACF;AAAA,EACA;AAAA,IACE,MAAM;AAAA,IACN,UAAU;AAAA,EACZ;AACF;AAEA,MAAM,SAAS,aAAa;AAAA,EAC1B,SAAS,iBAAiB,YAAY,IAAI,QAAQ;AAAA,EAClD;AACF,CAAC;AAGD,OAAO,WAAW,CAAC,OAAO;AACxB,QAAM,QAAS,GAAG,KAAK,SAAoB;AAC3C,WAAS,QAAQ,GAAG,KAAK;AAC3B,CAAC;AAED,eAAe;",
      "names": []
    },
    "_coverageSchema": "1a1c01bbd47fc00a2c39e90264f33305004495a9",
    "hash": "fdf1fbc31c3447653863f649087385bb2df7c1d3"
  },
  "E:/workspace/workspace-front/RefontDeVueJs/src/main.ts": {
    "path": "E:/workspace/workspace-front/RefontDeVueJs/src/main.ts",
    "statementMap": {
      "0": {
        "start": {
          "line": 10,
          "column": 12
        },
        "end": {
          "line": 10,
          "column": 26
        }
      },
      "1": {
        "start": {
          "line": 11,
          "column": 0
        },
        "end": {
          "line": 11,
          "column": 23
        }
      },
      "2": {
        "start": {
          "line": 12,
          "column": 0
        },
        "end": {
          "line": 12,
          "column": 16
        }
      },
      "3": {
        "start": {
          "line": 13,
          "column": 0
        },
        "end": {
          "line": 13,
          "column": 36
        }
      },
      "4": {
        "start": {
          "line": 14,
          "column": 0
        },
        "end": {
          "line": 14,
          "column": 18
        }
      }
    },
    "fnMap": {},
    "branchMap": {},
    "s": {
      "0": 128,
      "1": 128,
      "2": 128,
      "3": 128,
      "4": 128
    },
    "f": {},
    "b": {},
    "inputSourceMap": {
      "version": 3,
      "sources": [
        "E:/workspace/workspace-front/RefontDeVueJs/src/main.ts"
      ],
      "mappings": "AAAA,SAAS,iBAAiB;AAC1B,SAAS,mBAAmB;AAG5B,OAAO,cAAc;AAGrB,OAAO;AACP,OAAO;AACP,OAAO;AAGP,OAAO,SAAS;AAChB,OAAO,YAAY;AACnB,OAAO;AAEP,MAAM,MAAM,UAAU,GAAG;AAGzB,IAAI,IAAI,YAAY,CAAC;AACrB,IAAI,IAAI,MAAM;AACd,IAAI,IAAI,UAAU,EAAE,QAAQ,KAAK,CAAC;AAKlC,IAAI,MAAM,MAAM;",
      "names": []
    },
    "_coverageSchema": "1a1c01bbd47fc00a2c39e90264f33305004495a9",
    "hash": "eda640d1a471b316f37b20facccec71e446798c8"
  },
  "E:/workspace/workspace-front/RefontDeVueJs/src/components/AppToolbar.vue": {
    "path": "E:/workspace/workspace-front/RefontDeVueJs/src/components/AppToolbar.vue",
    "statementMap": {
      "0": {
        "start": {
          "line": 3,
          "column": 34
        },
        "end": {
          "line": 12,
          "column": 2
        }
      },
      "1": {
        "start": {
          "line": 6,
          "column": 4
        },
        "end": {
          "line": 6,
          "column": 15
        }
      },
      "2": {
        "start": {
          "line": 7,
          "column": 18
        },
        "end": {
          "line": 7,
          "column": 32
        }
      },
      "3": {
        "start": {
          "line": 8,
          "column": 25
        },
        "end": {
          "line": 8,
          "column": 34
        }
      },
      "4": {
        "start": {
          "line": 9,
          "column": 4
        },
        "end": {
          "line": 9,
          "column": 95
        }
      },
      "5": {
        "start": {
          "line": 10,
          "column": 4
        },
        "end": {
          "line": 10,
          "column": 24
        }
      },
      "6": {
        "start": {
          "line": 14,
          "column": 19
        },
        "end": {
          "line": 17,
          "column": 1
        }
      },
      "7": {
        "start": {
          "line": 18,
          "column": 19
        },
        "end": {
          "line": 18,
          "column": 44
        }
      },
      "8": {
        "start": {
          "line": 19,
          "column": 19
        },
        "end": {
          "line": 22,
          "column": 1
        }
      },
      "9": {
        "start": {
          "line": 23,
          "column": 19
        },
        "end": {
          "line": 26,
          "column": 1
        }
      },
      "10": {
        "start": {
          "line": 27,
          "column": 19
        },
        "end": {
          "line": 27,
          "column": 45
        }
      },
      "11": {
        "start": {
          "line": 28,
          "column": 19
        },
        "end": {
          "line": 31,
          "column": 1
        }
      },
      "12": {
        "start": {
          "line": 32,
          "column": 19
        },
        "end": {
          "line": 35,
          "column": 1
        }
      },
      "13": {
        "start": {
          "line": 36,
          "column": 19
        },
        "end": {
          "line": 36,
          "column": 42
        }
      },
      "14": {
        "start": {
          "line": 37,
          "column": 19
        },
        "end": {
          "line": 37,
          "column": 41
        }
      },
      "15": {
        "start": {
          "line": 38,
          "column": 20
        },
        "end": {
          "line": 38,
          "column": 44
        }
      },
      "16": {
        "start": {
          "line": 40,
          "column": 2
        },
        "end": {
          "line": 110,
          "column": 5
        }
      },
      "17": {
        "start": {
          "line": 48,
          "column": 57
        },
        "end": {
          "line": 48,
          "column": 85
        }
      },
      "18": {
        "start": {
          "line": 55,
          "column": 36
        },
        "end": {
          "line": 57,
          "column": 13
        }
      },
      "19": {
        "start": {
          "line": 70,
          "column": 55
        },
        "end": {
          "line": 70,
          "column": 84
        }
      },
      "20": {
        "start": {
          "line": 76,
          "column": 34
        },
        "end": {
          "line": 78,
          "column": 11
        }
      },
      "21": {
        "start": {
          "line": 113,
          "column": 0
        },
        "end": {
          "line": 113,
          "column": 31
        }
      },
      "22": {
        "start": {
          "line": 114,
          "column": 0
        },
        "end": {
          "line": 114,
          "column": 109
        }
      },
      "23": {
        "start": {
          "line": 115,
          "column": 0
        },
        "end": {
          "line": 117,
          "column": 3
        }
      },
      "24": {
        "start": {
          "line": 116,
          "column": 2
        },
        "end": {
          "line": 116,
          "column": 42
        }
      },
      "25": {
        "start": {
          "line": 118,
          "column": 0
        },
        "end": {
          "line": 126,
          "column": 3
        }
      },
      "26": {
        "start": {
          "line": 119,
          "column": 2
        },
        "end": {
          "line": 119,
          "column": 19
        }
      },
      "27": {
        "start": {
          "line": 119,
          "column": 12
        },
        "end": {
          "line": 119,
          "column": 19
        }
      },
      "28": {
        "start": {
          "line": 120,
          "column": 47
        },
        "end": {
          "line": 120,
          "column": 50
        }
      },
      "29": {
        "start": {
          "line": 121,
          "column": 2
        },
        "end": {
          "line": 125,
          "column": 3
        }
      },
      "30": {
        "start": {
          "line": 122,
          "column": 4
        },
        "end": {
          "line": 122,
          "column": 66
        }
      },
      "31": {
        "start": {
          "line": 124,
          "column": 4
        },
        "end": {
          "line": 124,
          "column": 57
        }
      }
    },
    "fnMap": {
      "0": {
        "name": "(anonymous_0)",
        "decl": {
          "start": {
            "line": 5,
            "column": 2
          },
          "end": {
            "line": 5,
            "column": 3
          }
        },
        "loc": {
          "start": {
            "line": 5,
            "column": 39
          },
          "end": {
            "line": 11,
            "column": 3
          }
        },
        "line": 5
      },
      "1": {
        "name": "_sfc_render",
        "decl": {
          "start": {
            "line": 39,
            "column": 9
          },
          "end": {
            "line": 39,
            "column": 20
          }
        },
        "loc": {
          "start": {
            "line": 39,
            "column": 68
          },
          "end": {
            "line": 111,
            "column": 1
          }
        },
        "line": 39
      },
      "2": {
        "name": "(anonymous_2)",
        "decl": {
          "start": {
            "line": 48,
            "column": 45
          },
          "end": {
            "line": 48,
            "column": 46
          }
        },
        "loc": {
          "start": {
            "line": 48,
            "column": 57
          },
          "end": {
            "line": 48,
            "column": 85
          }
        },
        "line": 48
      },
      "3": {
        "name": "(anonymous_3)",
        "decl": {
          "start": {
            "line": 55,
            "column": 30
          },
          "end": {
            "line": 55,
            "column": 31
          }
        },
        "loc": {
          "start": {
            "line": 55,
            "column": 36
          },
          "end": {
            "line": 57,
            "column": 13
          }
        },
        "line": 55
      },
      "4": {
        "name": "(anonymous_4)",
        "decl": {
          "start": {
            "line": 70,
            "column": 43
          },
          "end": {
            "line": 70,
            "column": 44
          }
        },
        "loc": {
          "start": {
            "line": 70,
            "column": 55
          },
          "end": {
            "line": 70,
            "column": 84
          }
        },
        "line": 70
      },
      "5": {
        "name": "(anonymous_5)",
        "decl": {
          "start": {
            "line": 76,
            "column": 28
          },
          "end": {
            "line": 76,
            "column": 29
          }
        },
        "loc": {
          "start": {
            "line": 76,
            "column": 34
          },
          "end": {
            "line": 78,
            "column": 11
          }
        },
        "line": 76
      },
      "6": {
        "name": "(anonymous_6)",
        "decl": {
          "start": {
            "line": 115,
            "column": 35
          },
          "end": {
            "line": 115,
            "column": 36
          }
        },
        "loc": {
          "start": {
            "line": 115,
            "column": 49
          },
          "end": {
            "line": 117,
            "column": 1
          }
        },
        "line": 115
      },
      "7": {
        "name": "(anonymous_7)",
        "decl": {
          "start": {
            "line": 118,
            "column": 23
          },
          "end": {
            "line": 118,
            "column": 24
          }
        },
        "loc": {
          "start": {
            "line": 118,
            "column": 32
          },
          "end": {
            "line": 126,
            "column": 1
          }
        },
        "line": 118
      }
    },
    "branchMap": {
      "0": {
        "loc": {
          "start": {
            "line": 42,
            "column": 6
          },
          "end": {
            "line": 42,
            "column": 378
          }
        },
        "type": "binary-expr",
        "locations": [
          {
            "start": {
              "line": 42,
              "column": 6
            },
            "end": {
              "line": 42,
              "column": 15
            }
          },
          {
            "start": {
              "line": 42,
              "column": 20
            },
            "end": {
              "line": 42,
              "column": 377
            }
          }
        ],
        "line": 42
      },
      "1": {
        "loc": {
          "start": {
            "line": 48,
            "column": 19
          },
          "end": {
            "line": 48,
            "column": 86
          }
        },
        "type": "binary-expr",
        "locations": [
          {
            "start": {
              "line": 48,
              "column": 19
            },
            "end": {
              "line": 48,
              "column": 28
            }
          },
          {
            "start": {
              "line": 48,
              "column": 33
            },
            "end": {
              "line": 48,
              "column": 85
            }
          }
        ],
        "line": 48
      },
      "2": {
        "loc": {
          "start": {
            "line": 56,
            "column": 14
          },
          "end": {
            "line": 56,
            "column": 153
          }
        },
        "type": "cond-expr",
        "locations": [
          {
            "start": {
              "line": 56,
              "column": 47
            },
            "end": {
              "line": 56,
              "column": 97
            }
          },
          {
            "start": {
              "line": 56,
              "column": 102
            },
            "end": {
              "line": 56,
              "column": 152
            }
          }
        ],
        "line": 56
      },
      "3": {
        "loc": {
          "start": {
            "line": 70,
            "column": 17
          },
          "end": {
            "line": 70,
            "column": 85
          }
        },
        "type": "binary-expr",
        "locations": [
          {
            "start": {
              "line": 70,
              "column": 17
            },
            "end": {
              "line": 70,
              "column": 26
            }
          },
          {
            "start": {
              "line": 70,
              "column": 31
            },
            "end": {
              "line": 70,
              "column": 84
            }
          }
        ],
        "line": 70
      },
      "4": {
        "loc": {
          "start": {
            "line": 77,
            "column": 12
          },
          "end": {
            "line": 77,
            "column": 143
          }
        },
        "type": "cond-expr",
        "locations": [
          {
            "start": {
              "line": 77,
              "column": 37
            },
            "end": {
              "line": 77,
              "column": 87
            }
          },
          {
            "start": {
              "line": 77,
              "column": 92
            },
            "end": {
              "line": 77,
              "column": 142
            }
          }
        ],
        "line": 77
      },
      "5": {
        "loc": {
          "start": {
            "line": 83,
            "column": 6
          },
          "end": {
            "line": 92,
            "column": 8
          }
        },
        "type": "binary-expr",
        "locations": [
          {
            "start": {
              "line": 83,
              "column": 6
            },
            "end": {
              "line": 83,
              "column": 15
            }
          },
          {
            "start": {
              "line": 83,
              "column": 20
            },
            "end": {
              "line": 92,
              "column": 7
            }
          }
        ],
        "line": 83
      },
      "6": {
        "loc": {
          "start": {
            "line": 114,
            "column": 0
          },
          "end": {
            "line": 114,
            "column": 108
          }
        },
        "type": "binary-expr",
        "locations": [
          {
            "start": {
              "line": 114,
              "column": 0
            },
            "end": {
              "line": 114,
              "column": 42
            }
          },
          {
            "start": {
              "line": 114,
              "column": 46
            },
            "end": {
              "line": 114,
              "column": 108
            }
          }
        ],
        "line": 114
      },
      "7": {
        "loc": {
          "start": {
            "line": 119,
            "column": 2
          },
          "end": {
            "line": 119,
            "column": 19
          }
        },
        "type": "if",
        "locations": [
          {
            "start": {
              "line": 119,
              "column": 2
            },
            "end": {
              "line": 119,
              "column": 19
            }
          },
          {
            "start": {},
            "end": {}
          }
        ],
        "line": 119
      },
      "8": {
        "loc": {
          "start": {
            "line": 121,
            "column": 2
          },
          "end": {
            "line": 125,
            "column": 3
          }
        },
        "type": "if",
        "locations": [
          {
            "start": {
              "line": 121,
              "column": 2
            },
            "end": {
              "line": 125,
              "column": 3
            }
          },
          {
            "start": {
              "line": 123,
              "column": 9
            },
            "end": {
              "line": 125,
              "column": 3
            }
          }
        ],
        "line": 121
      }
    },
    "s": {
      "0": 121,
      "1": 121,
      "2": 121,
      "3": 121,
      "4": 121,
      "5": 121,
      "6": 121,
      "7": 121,
      "8": 121,
      "9": 121,
      "10": 121,
      "11": 121,
      "12": 121,
      "13": 121,
      "14": 121,
      "15": 121,
      "16": 133,
      "17": 12,
      "18": 135,
      "19": 6,
      "20": 127,
      "21": 121,
      "22": 121,
      "23": 121,
      "24": 0,
      "25": 121,
      "26": 0,
      "27": 0,
      "28": 0,
      "29": 0,
      "30": 0,
      "31": 0
    },
    "f": {
      "0": 121,
      "1": 133,
      "2": 12,
      "3": 135,
      "4": 6,
      "5": 127,
      "6": 0,
      "7": 0
    },
    "b": {
      "0": [
        133,
        121
      ],
      "1": [
        133,
        121
      ],
      "2": [
        13,
        122
      ],
      "3": [
        133,
        121
      ],
      "4": [
        5,
        122
      ],
      "5": [
        133,
        121
      ],
      "6": [
        121,
        121
      ],
      "7": [
        0,
        0
      ],
      "8": [
        0,
        0
      ]
    },
    "inputSourceMap": {
      "version": 3,
      "mappings": ";AAwCA,SAAS,oBAAoB;;;;;AAE7B,UAAM,QAAQ,aAAa;;;;;;;;EAzCjB,OAAM;AAAA,EAAc,eAAY;;qBACjC,OAAM,eAAc;;EAgBc,KAAI;AAAA,EAAO,OAAM;;;EACxC,KAAI;AAAA,EAAQ,OAAM;;qBAI7B,OAAM,gBAAe;;EAGK,KAAI;AAAA,EAAM,OAAM;;;EAC/B,KAAI;AAAA,EAAO,OAAM;;qBAI1B,OAAM,aAAY;qBACf,OAAM,YAAW;sBACjB,OAAM,cAAa;;uBAhC/B,oBAmCS,UAnCT,YAmCS;AAAA,IAlCP,oBAoBM,OApBN,YAoBM;AAAA;MAXJ;AAAA,QAUS;AAAA;AAAA,UATP,OAAK,iBAAC,sBAAoB,kBACA,aAAM,iBAAgB;AAAA,UAChD,eAAY;AAAA,UACX,SAAK,sCAAE,aAAM,cAAa;AAAA;;UAE3B,aAGa;AAAA,YAHD,MAAK;AAAA,YAAY,MAAK;AAAA;8BAChC,MAAiE;AAAA,cAAxD,aAAM,kCAAf,oBAAiE,KAAjE,UAAiE,oBACjE,oBAA4C,KAA5C,UAA4C;AAAA;;;;;;;;;IAIlD,oBAYM,OAZN,YAYM;AAAA,MAXJ,oBAKS;AAAA,QALD,OAAM;AAAA,QAAmB,eAAY;AAAA,QAAoB,SAAK,sCAAE,aAAM,eAAc;AAAA;QAC1F,aAGa;AAAA,UAHD,MAAK;AAAA,UAAY,MAAK;AAAA;4BAChC,MAAuD;AAAA,YAA9C,aAAM,0BAAf,oBAAuD,KAAvD,UAAuD,oBACvD,oBAA0C,KAA1C,UAA0C;AAAA;;;;;gCAG9C;AAAA,QAA0D;AAAA,UAApD,OAAM,YAAW;AAAA;AAAA,UAAC,oBAAwB,UAAlB,OAAM,UAAS;AAAA,2BAAG,KAAG;AAAA;;;;MACnD,oBAGM,OAHN,YAGM;AAAA,QAFJ;AAAA,UAAyF;AAAA,UAAzF;AAAA,UAAyF,iBAA9D,aAAM,YAAY,MAAM,IAAG,MAAC,iBAAG,aAAM,YAAY,GAAG;AAAA;AAAA;AAAA;AAAA,QAC/E;AAAA,UAAkE;AAAA,UAAlE;AAAA,UAAkE,iBAArC,aAAM,YAAY,SAAS;AAAA;AAAA;AAAA;AAAA",
      "names": [],
      "ignoreList": [],
      "sources": [
        "E:/workspace/workspace-front/RefontDeVueJs/src/components/AppToolbar.vue"
      ],
      "file": "E:/workspace/workspace-front/RefontDeVueJs/src/components/AppToolbar.vue"
    },
    "_coverageSchema": "1a1c01bbd47fc00a2c39e90264f33305004495a9",
    "hash": "08e12b3cea158b58040151a99fe690814434a92f"
  },
  "E:/workspace/workspace-front/RefontDeVueJs/src/composables/useNavigation.ts": {
    "path": "E:/workspace/workspace-front/RefontDeVueJs/src/composables/useNavigation.ts",
    "statementMap": {
      "0": {
        "start": {
          "line": 5,
          "column": 16
        },
        "end": {
          "line": 5,
          "column": 26
        }
      },
      "1": {
        "start": {
          "line": 6,
          "column": 17
        },
        "end": {
          "line": 6,
          "column": 28
        }
      },
      "2": {
        "start": {
          "line": 7,
          "column": 16
        },
        "end": {
          "line": 7,
          "column": 30
        }
      },
      "3": {
        "start": {
          "line": 8,
          "column": 15
        },
        "end": {
          "line": 13,
          "column": 3
        }
      },
      "4": {
        "start": {
          "line": 14,
          "column": 23
        },
        "end": {
          "line": 18,
          "column": 3
        }
      },
      "5": {
        "start": {
          "line": 19,
          "column": 22
        },
        "end": {
          "line": 21,
          "column": 4
        }
      },
      "6": {
        "start": {
          "line": 20,
          "column": 4
        },
        "end": {
          "line": 20,
          "column": 51
        }
      },
      "7": {
        "start": {
          "line": 22,
          "column": 26
        },
        "end": {
          "line": 22,
          "column": 65
        }
      },
      "8": {
        "start": {
          "line": 22,
          "column": 41
        },
        "end": {
          "line": 22,
          "column": 64
        }
      },
      "9": {
        "start": {
          "line": 24,
          "column": 4
        },
        "end": {
          "line": 24,
          "column": 27
        }
      },
      "10": {
        "start": {
          "line": 27,
          "column": 4
        },
        "end": {
          "line": 27,
          "column": 40
        }
      },
      "11": {
        "start": {
          "line": 28,
          "column": 4
        },
        "end": {
          "line": 30,
          "column": 5
        }
      },
      "12": {
        "start": {
          "line": 29,
          "column": 6
        },
        "end": {
          "line": 29,
          "column": 30
        }
      },
      "13": {
        "start": {
          "line": 32,
          "column": 2
        },
        "end": {
          "line": 39,
          "column": 4
        }
      }
    },
    "fnMap": {
      "0": {
        "name": "useNavigation",
        "decl": {
          "start": {
            "line": 4,
            "column": 16
          },
          "end": {
            "line": 4,
            "column": 29
          }
        },
        "loc": {
          "start": {
            "line": 4,
            "column": 32
          },
          "end": {
            "line": 40,
            "column": 1
          }
        },
        "line": 4
      },
      "1": {
        "name": "(anonymous_1)",
        "decl": {
          "start": {
            "line": 19,
            "column": 31
          },
          "end": {
            "line": 19,
            "column": 32
          }
        },
        "loc": {
          "start": {
            "line": 19,
            "column": 37
          },
          "end": {
            "line": 21,
            "column": 3
          }
        },
        "line": 19
      },
      "2": {
        "name": "(anonymous_2)",
        "decl": {
          "start": {
            "line": 22,
            "column": 35
          },
          "end": {
            "line": 22,
            "column": 36
          }
        },
        "loc": {
          "start": {
            "line": 22,
            "column": 41
          },
          "end": {
            "line": 22,
            "column": 64
          }
        },
        "line": 22
      },
      "3": {
        "name": "navigateToTab",
        "decl": {
          "start": {
            "line": 23,
            "column": 11
          },
          "end": {
            "line": 23,
            "column": 24
          }
        },
        "loc": {
          "start": {
            "line": 23,
            "column": 30
          },
          "end": {
            "line": 25,
            "column": 3
          }
        },
        "line": 23
      },
      "4": {
        "name": "selectSidebarItem",
        "decl": {
          "start": {
            "line": 26,
            "column": 11
          },
          "end": {
            "line": 26,
            "column": 28
          }
        },
        "loc": {
          "start": {
            "line": 26,
            "column": 35
          },
          "end": {
            "line": 31,
            "column": 3
          }
        },
        "line": 26
      }
    },
    "branchMap": {
      "0": {
        "loc": {
          "start": {
            "line": 20,
            "column": 11
          },
          "end": {
            "line": 20,
            "column": 50
          }
        },
        "type": "binary-expr",
        "locations": [
          {
            "start": {
              "line": 20,
              "column": 11
            },
            "end": {
              "line": 20,
              "column": 27
            }
          },
          {
            "start": {
              "line": 20,
              "column": 31
            },
            "end": {
              "line": 20,
              "column": 50
            }
          }
        ],
        "line": 20
      },
      "1": {
        "loc": {
          "start": {
            "line": 28,
            "column": 4
          },
          "end": {
            "line": 30,
            "column": 5
          }
        },
        "type": "if",
        "locations": [
          {
            "start": {
              "line": 28,
              "column": 4
            },
            "end": {
              "line": 30,
              "column": 5
            }
          },
          {
            "start": {},
            "end": {}
          }
        ],
        "line": 28
      }
    },
    "s": {
      "0": 242,
      "1": 242,
      "2": 242,
      "3": 242,
      "4": 242,
      "5": 242,
      "6": 163,
      "7": 242,
      "8": 148,
      "9": 17,
      "10": 27,
      "11": 27,
      "12": 27,
      "13": 242
    },
    "f": {
      "0": 242,
      "1": 163,
      "2": 148,
      "3": 17,
      "4": 27
    },
    "b": {
      "0": [
        163,
        30
      ],
      "1": [
        27,
        0
      ]
    },
    "inputSourceMap": {
      "version": 3,
      "sources": [
        "E:/workspace/workspace-front/RefontDeVueJs/src/composables/useNavigation.ts"
      ],
      "mappings": "AAAA,SAAS,gBAAgB;AACzB,SAAS,UAAU,iBAAiB;AACpC,SAAS,oBAAoB;AAMtB,gBAAS,gBAAgB;AAC9B,QAAM,QAAQ,SAAS;AACvB,QAAM,SAAS,UAAU;AACzB,QAAM,QAAQ,aAAa;AAG3B,QAAM,OAAkB;AAAA,IACtB,EAAE,IAAI,qBAAqB,OAAO,qBAAqB,OAAO,kCAAkC;AAAA,IAChG,EAAE,IAAI,uBAAuB,OAAO,uBAAuB,OAAO,oCAAoC;AAAA,IACtG,EAAE,IAAI,WAAW,OAAO,WAAW,OAAO,wBAAwB;AAAA,IAClE,EAAE,IAAI,iBAAiB,OAAO,iBAAiB,OAAO,8BAA8B;AAAA,EACtF;AAGA,QAAM,eAA8B;AAAA,IAClC,EAAE,IAAI,gBAAgB,OAAO,gBAAgB,OAAO,iBAAiB,MAAM,eAAe;AAAA,IAC1F,EAAE,IAAI,aAAa,OAAO,aAAa,OAAO,cAAc,MAAM,YAAY;AAAA,IAC9E,EAAE,IAAI,iBAAiB,OAAO,iBAAiB,OAAO,kBAAkB,MAAM,YAAY;AAAA,EAC5F;AAGA,QAAM,cAAc,SAAS,MAAM;AACjC,WAAQ,MAAM,KAAK,SAAoB;AAAA,EACzC,CAAC;AAED,QAAM,kBAAkB,SAAS,MAAM,MAAM,iBAAiB;AAG9D,WAAS,cAAc,KAAc;AACnC,WAAO,KAAK,IAAI,KAAK;AAAA,EACvB;AAEA,WAAS,kBAAkB,MAAmB;AAC5C,UAAM,qBAAqB,KAAK,EAAE;AAClC,QAAI,KAAK,OAAO;AACd,aAAO,KAAK,KAAK,KAAK;AAAA,IACxB;AAAA,EACF;AAEA,SAAO;AAAA,IACL;AAAA,IACA;AAAA,IACA;AAAA,IACA;AAAA,IACA;AAAA,IACA;AAAA,EACF;AACF;",
      "names": []
    },
    "_coverageSchema": "1a1c01bbd47fc00a2c39e90264f33305004495a9",
    "hash": "92dd8d9b595861173a7a20c68fc7cf16890c870d"
  },
  "E:/workspace/workspace-front/RefontDeVueJs/src/components/AppSidebar.vue": {
    "path": "E:/workspace/workspace-front/RefontDeVueJs/src/components/AppSidebar.vue",
    "statementMap": {
      "0": {
        "start": {
          "line": 3,
          "column": 34
        },
        "end": {
          "line": 15,
          "column": 2
        }
      },
      "1": {
        "start": {
          "line": 9,
          "column": 4
        },
        "end": {
          "line": 9,
          "column": 15
        }
      },
      "2": {
        "start": {
          "line": 10,
          "column": 65
        },
        "end": {
          "line": 10,
          "column": 80
        }
      },
      "3": {
        "start": {
          "line": 11,
          "column": 25
        },
        "end": {
          "line": 11,
          "column": 77
        }
      },
      "4": {
        "start": {
          "line": 12,
          "column": 4
        },
        "end": {
          "line": 12,
          "column": 95
        }
      },
      "5": {
        "start": {
          "line": 13,
          "column": 4
        },
        "end": {
          "line": 13,
          "column": 24
        }
      },
      "6": {
        "start": {
          "line": 17,
          "column": 19
        },
        "end": {
          "line": 20,
          "column": 1
        }
      },
      "7": {
        "start": {
          "line": 21,
          "column": 19
        },
        "end": {
          "line": 21,
          "column": 43
        }
      },
      "8": {
        "start": {
          "line": 22,
          "column": 19
        },
        "end": {
          "line": 22,
          "column": 54
        }
      },
      "9": {
        "start": {
          "line": 23,
          "column": 19
        },
        "end": {
          "line": 23,
          "column": 49
        }
      },
      "10": {
        "start": {
          "line": 24,
          "column": 19
        },
        "end": {
          "line": 27,
          "column": 1
        }
      },
      "11": {
        "start": {
          "line": 29,
          "column": 2
        },
        "end": {
          "line": 85,
          "column": 4
        }
      },
      "12": {
        "start": {
          "line": 50,
          "column": 12
        },
        "end": {
          "line": 76,
          "column": 31
        }
      },
      "13": {
        "start": {
          "line": 55,
          "column": 35
        },
        "end": {
          "line": 55,
          "column": 65
        }
      },
      "14": {
        "start": {
          "line": 88,
          "column": 0
        },
        "end": {
          "line": 88,
          "column": 31
        }
      },
      "15": {
        "start": {
          "line": 89,
          "column": 0
        },
        "end": {
          "line": 89,
          "column": 109
        }
      },
      "16": {
        "start": {
          "line": 90,
          "column": 0
        },
        "end": {
          "line": 92,
          "column": 3
        }
      },
      "17": {
        "start": {
          "line": 91,
          "column": 2
        },
        "end": {
          "line": 91,
          "column": 42
        }
      },
      "18": {
        "start": {
          "line": 93,
          "column": 0
        },
        "end": {
          "line": 101,
          "column": 3
        }
      },
      "19": {
        "start": {
          "line": 94,
          "column": 2
        },
        "end": {
          "line": 94,
          "column": 19
        }
      },
      "20": {
        "start": {
          "line": 94,
          "column": 12
        },
        "end": {
          "line": 94,
          "column": 19
        }
      },
      "21": {
        "start": {
          "line": 95,
          "column": 47
        },
        "end": {
          "line": 95,
          "column": 50
        }
      },
      "22": {
        "start": {
          "line": 96,
          "column": 2
        },
        "end": {
          "line": 100,
          "column": 3
        }
      },
      "23": {
        "start": {
          "line": 97,
          "column": 4
        },
        "end": {
          "line": 97,
          "column": 66
        }
      },
      "24": {
        "start": {
          "line": 99,
          "column": 4
        },
        "end": {
          "line": 99,
          "column": 57
        }
      }
    },
    "fnMap": {
      "0": {
        "name": "(anonymous_0)",
        "decl": {
          "start": {
            "line": 8,
            "column": 2
          },
          "end": {
            "line": 8,
            "column": 3
          }
        },
        "loc": {
          "start": {
            "line": 8,
            "column": 39
          },
          "end": {
            "line": 14,
            "column": 3
          }
        },
        "line": 8
      },
      "1": {
        "name": "_sfc_render",
        "decl": {
          "start": {
            "line": 28,
            "column": 9
          },
          "end": {
            "line": 28,
            "column": 20
          }
        },
        "loc": {
          "start": {
            "line": 28,
            "column": 68
          },
          "end": {
            "line": 86,
            "column": 1
          }
        },
        "line": 28
      },
      "2": {
        "name": "(anonymous_2)",
        "decl": {
          "start": {
            "line": 49,
            "column": 43
          },
          "end": {
            "line": 49,
            "column": 44
          }
        },
        "loc": {
          "start": {
            "line": 49,
            "column": 53
          },
          "end": {
            "line": 77,
            "column": 11
          }
        },
        "line": 49
      },
      "3": {
        "name": "(anonymous_3)",
        "decl": {
          "start": {
            "line": 55,
            "column": 23
          },
          "end": {
            "line": 55,
            "column": 24
          }
        },
        "loc": {
          "start": {
            "line": 55,
            "column": 35
          },
          "end": {
            "line": 55,
            "column": 65
          }
        },
        "line": 55
      },
      "4": {
        "name": "(anonymous_4)",
        "decl": {
          "start": {
            "line": 90,
            "column": 35
          },
          "end": {
            "line": 90,
            "column": 36
          }
        },
        "loc": {
          "start": {
            "line": 90,
            "column": 49
          },
          "end": {
            "line": 92,
            "column": 1
          }
        },
        "line": 90
      },
      "5": {
        "name": "(anonymous_5)",
        "decl": {
          "start": {
            "line": 93,
            "column": 23
          },
          "end": {
            "line": 93,
            "column": 24
          }
        },
        "loc": {
          "start": {
            "line": 93,
            "column": 32
          },
          "end": {
            "line": 101,
            "column": 1
          }
        },
        "line": 93
      }
    },
[...]
          "column": 47
        },
        "end": {
          "line": 52,
          "column": 50
        }
      },
      "17": {
        "start": {
          "line": 53,
          "column": 2
        },
        "end": {
          "line": 57,
          "column": 3
        }
      },
      "18": {
        "start": {
          "line": 54,
          "column": 4
        },
        "end": {
          "line": 54,
          "column": 65
        }
      },
      "19": {
        "start": {
          "line": 56,
          "column": 4
        },
        "end": {
          "line": 56,
          "column": 56
        }
      }
    },
    "fnMap": {
      "0": {
        "name": "_sfc_render",
        "decl": {
          "start": {
            "line": 12,
            "column": 9
          },
          "end": {
            "line": 12,
            "column": 20
          }
        },
        "loc": {
          "start": {
            "line": 12,
            "column": 35
          },
          "end": {
            "line": 41,
            "column": 1
          }
        },
        "line": 12
      },
      "1": {
        "name": "(anonymous_1)",
        "decl": {
          "start": {
            "line": 18,
            "column": 77
          },
          "end": {
            "line": 18,
            "column": 78
          }
        },
        "loc": {
          "start": {
            "line": 18,
            "column": 84
          },
          "end": {
            "line": 23,
            "column": 11
          }
        },
        "line": 18
      },
      "2": {
        "name": "(anonymous_2)",
        "decl": {
          "start": {
            "line": 25,
            "column": 75
          },
          "end": {
            "line": 25,
            "column": 76
          }
        },
        "loc": {
          "start": {
            "line": 25,
            "column": 84
          },
          "end": {
            "line": 37,
            "column": 9
          }
        },
        "line": 25
      },
      "3": {
        "name": "(anonymous_3)",
        "decl": {
          "start": {
            "line": 30,
            "column": 79
          },
          "end": {
            "line": 30,
            "column": 80
          }
        },
        "loc": {
          "start": {
            "line": 30,
            "column": 88
          },
          "end": {
            "line": 35,
            "column": 13
          }
        },
        "line": 30
      },
      "4": {
        "name": "(anonymous_4)",
        "decl": {
          "start": {
            "line": 47,
            "column": 35
          },
          "end": {
            "line": 47,
            "column": 36
          }
        },
        "loc": {
          "start": {
            "line": 47,
            "column": 49
          },
          "end": {
            "line": 49,
            "column": 1
          }
        },
        "line": 47
      },
      "5": {
        "name": "(anonymous_5)",
        "decl": {
          "start": {
            "line": 50,
            "column": 23
          },
          "end": {
            "line": 50,
            "column": 24
          }
        },
        "loc": {
          "start": {
            "line": 50,
            "column": 30
          },
          "end": {
            "line": 58,
            "column": 1
          }
        },
        "line": 50
      }
    },
    "branchMap": {
      "0": {
        "loc": {
          "start": {
            "line": 14,
            "column": 4
          },
          "end": {
            "line": 14,
            "column": 492
          }
        },
        "type": "binary-expr",
        "locations": [
          {
            "start": {
              "line": 14,
              "column": 4
            },
            "end": {
              "line": 14,
              "column": 13
            }
          },
          {
            "start": {
              "line": 14,
              "column": 18
            },
            "end": {
              "line": 14,
              "column": 491
            }
          }
        ],
        "line": 14
      },
      "1": {
        "loc": {
          "start": {
            "line": 46,
            "column": 0
          },
          "end": {
            "line": 46,
            "column": 108
          }
        },
        "type": "binary-expr",
        "locations": [
          {
            "start": {
              "line": 46,
              "column": 0
            },
            "end": {
              "line": 46,
              "column": 42
            }
          },
          {
            "start": {
              "line": 46,
              "column": 46
            },
            "end": {
              "line": 46,
              "column": 108
            }
          }
        ],
        "line": 46
      },
      "2": {
        "loc": {
          "start": {
            "line": 51,
            "column": 2
          },
          "end": {
            "line": 51,
            "column": 18
          }
        },
        "type": "if",
        "locations": [
          {
            "start": {
              "line": 51,
              "column": 2
            },
            "end": {
              "line": 51,
              "column": 18
            }
          },
          {
            "start": {},
            "end": {}
          }
        ],
        "line": 51
      },
      "3": {
        "loc": {
          "start": {
            "line": 53,
            "column": 2
          },
          "end": {
            "line": 57,
            "column": 3
          }
        },
        "type": "if",
        "locations": [
          {
            "start": {
              "line": 53,
              "column": 2
            },
            "end": {
              "line": 57,
              "column": 3
            }
          },
          {
            "start": {
              "line": 55,
              "column": 9
            },
            "end": {
              "line": 57,
              "column": 3
            }
          }
        ],
        "line": 53
      }
    },
    "s": {
      "0": 7,
      "1": 7,
      "2": 7,
      "3": 7,
      "4": 7,
      "5": 6,
      "6": 24,
      "7": 30,
      "8": 120,
      "9": 7,
      "10": 7,
      "11": 7,
      "12": 0,
      "13": 7,
      "14": 0,
      "15": 0,
      "16": 0,
      "17": 0,
      "18": 0,
      "19": 0
    },
    "f": {
      "0": 6,
      "1": 24,
      "2": 30,
      "3": 120,
      "4": 0,
      "5": 0
    },
    "b": {
      "0": [
        6,
        6
      ],
      "1": [
        7,
        7
      ],
      "2": [
        0,
        0
      ],
      "3": [
        0,
        0
      ]
    },
    "inputSourceMap": {
      "version": 3,
      "mappings": ";;;;EACO,KAAK,EAAC,kBAAkB;EAAC,aAAW,EAAC;;qBAYnC,KAAK,EAAC,kBAAkB;qBACtB,KAAK,EAAC,gBAAgB;qBACpB,KAAK,EAAC,gBAAgB;;;wBAdjC,oBAsBM,OAtBN,UAsBM;;IAVJ,oBASM,OATN,UASM;MARJ,oBAOM,OAPN,UAOM;QANJ,oBAEM,OAFN,UAEM;yBADJ,oBAAmD,6BAAlC,CAAC,GAAN,CAAC;mBAAb,oBAAmD;cAA9B,GAAG,EAAE,CAAC;cAAE,KAAK,EAAC;;;;uBAErC,oBAEM,6BAFa,CAAC,GAAR,GAAG;iBAAf,oBAEM;YAFiB,GAAG,EAAE,GAAG;YAAE,KAAK,EAAC;;2BACrC,oBAAuD,6BAApC,CAAC,GAAR,GAAG;qBAAf,oBAAuD;gBAAhC,GAAG,EAAE,GAAG;gBAAE,KAAK,EAAC",
      "names": [],
      "ignoreList": [],
      "sources": [
        "C:/Users/Alain-Charles/Cowork/dev-gradle/RefontDeVueJs/src/views/DomiciliationView.vue"
      ],
      "file": "C:/Users/Alain-Charles/Cowork/dev-gradle/RefontDeVueJs/src/views/DomiciliationView.vue"
    },
    "_coverageSchema": "1a1c01bbd47fc00a2c39e90264f33305004495a9",
    "hash": "56af1335b3cf2d5e5d4350533e7146f31da26a65"
  },
  "C:/Users/Alain-Charles/Cowork/dev-gradle/RefontDeVueJs/src/views/RbtAnticipesView.vue": {
    "path": "C:/Users/Alain-Charles/Cowork/dev-gradle/RefontDeVueJs/src/views/RbtAnticipesView.vue",
    "statementMap": {
      "0": {
        "start": {
          "line": 1,
          "column": 56
        },
        "end": {
          "line": 1,
          "column": 60
        }
      },
      "1": {
        "start": {
          "line": 4,
          "column": 19
        },
        "end": {
          "line": 7,
          "column": 1
        }
      },
      "2": {
        "start": {
          "line": 8,
          "column": 19
        },
        "end": {
          "line": 8,
          "column": 48
        }
      },
      "3": {
        "start": {
          "line": 9,
          "column": 19
        },
        "end": {
          "line": 9,
          "column": 46
        }
      },
      "4": {
        "start": {
          "line": 10,
          "column": 19
        },
        "end": {
          "line": 10,
          "column": 46
        }
      },
      "5": {
        "start": {
          "line": 11,
          "column": 19
        },
        "end": {
          "line": 11,
          "column": 46
        }
      },
      "6": {
        "start": {
          "line": 14,
          "column": 2
        },
        "end": {
          "line": 52,
          "column": 5
        }
      },
      "7": {
        "start": {
          "line": 19,
          "column": 10
        },
        "end": {
          "line": 25,
          "column": 15
        }
      },
      "8": {
        "start": {
          "line": 31,
          "column": 12
        },
        "end": {
          "line": 34,
          "column": 14
        }
      },
      "9": {
        "start": {
          "line": 38,
          "column": 10
        },
        "end": {
          "line": 48,
          "column": 12
        }
      },
      "10": {
        "start": {
          "line": 43,
          "column": 14
        },
        "end": {
          "line": 46,
          "column": 16
        }
      },
      "11": {
        "start": {
          "line": 57,
          "column": 0
        },
        "end": {
          "line": 57,
          "column": 30
        }
      },
      "12": {
        "start": {
          "line": 58,
          "column": 0
        },
        "end": {
          "line": 58,
          "column": 108
        }
      },
      "13": {
        "start": {
          "line": 59,
          "column": 0
        },
        "end": {
          "line": 61,
          "column": 2
        }
      },
      "14": {
        "start": {
          "line": 60,
          "column": 2
        },
        "end": {
          "line": 60,
          "column": 41
        }
      },
      "15": {
        "start": {
          "line": 62,
          "column": 0
        },
        "end": {
          "line": 70,
          "column": 2
        }
      },
      "16": {
        "start": {
          "line": 63,
          "column": 2
        },
        "end": {
          "line": 63,
          "column": 18
        }
      },
      "17": {
        "start": {
          "line": 63,
          "column": 12
        },
        "end": {
          "line": 63,
          "column": 18
        }
      },
      "18": {
        "start": {
          "line": 64,
          "column": 47
        },
        "end": {
          "line": 64,
          "column": 50
        }
      },
      "19": {
        "start": {
          "line": 65,
          "column": 2
        },
        "end": {
          "line": 69,
          "column": 3
        }
      },
      "20": {
        "start": {
          "line": 66,
          "column": 4
        },
        "end": {
          "line": 66,
          "column": 65
        }
      },
      "21": {
        "start": {
          "line": 68,
          "column": 4
        },
        "end": {
          "line": 68,
          "column": 56
        }
      }
    },
    "fnMap": {
      "0": {
        "name": "_sfc_render",
        "decl": {
          "start": {
            "line": 13,
            "column": 9
          },
          "end": {
            "line": 13,
            "column": 20
          }
        },
        "loc": {
          "start": {
            "line": 13,
            "column": 35
          },
          "end": {
            "line": 53,
            "column": 1
          }
        },
        "line": 13
      },
      "1": {
        "name": "(anonymous_1)",
        "decl": {
          "start": {
            "line": 18,
            "column": 75
          },
          "end": {
            "line": 18,
            "column": 76
          }
        },
        "loc": {
          "start": {
            "line": 18,
            "column": 82
          },
          "end": {
            "line": 26,
            "column": 9
          }
        },
        "line": 18
      },
      "2": {
        "name": "(anonymous_2)",
        "decl": {
          "start": {
            "line": 30,
            "column": 77
          },
          "end": {
            "line": 30,
            "column": 78
          }
        },
        "loc": {
          "start": {
            "line": 30,
            "column": 84
          },
          "end": {
            "line": 35,
            "column": 11
          }
        },
        "line": 30
      },
      "3": {
        "name": "(anonymous_3)",
        "decl": {
          "start": {
            "line": 37,
            "column": 75
          },
          "end": {
            "line": 37,
            "column": 76
          }
        },
        "loc": {
          "start": {
            "line": 37,
            "column": 84
          },
          "end": {
            "line": 49,
            "column": 9
          }
        },
        "line": 37
      },
      "4": {
        "name": "(anonymous_4)",
        "decl": {
          "start": {
            "line": 42,
            "column": 79
          },
          "end": {
            "line": 42,
            "column": 80
          }
        },
        "loc": {
          "start": {
            "line": 42,
            "column": 88
          },
          "end": {
            "line": 47,
            "column": 13
          }
        },
        "line": 42
      },
      "5": {
        "name": "(anonymous_5)",
        "decl": {
          "start": {
            "line": 59,
            "column": 35
          },
          "end": {
            "line": 59,
            "column": 36
          }
        },
        "loc": {
          "start": {
            "line": 59,
            "column": 49
          },
          "end": {
            "line": 61,
            "column": 1
          }
        },
        "line": 59
      },
      "6": {
        "name": "(anonymous_6)",
        "decl": {
          "start": {
            "line": 62,
            "column": 23
          },
          "end": {
            "line": 62,
            "column": 24
          }
        },
        "loc": {
          "start": {
            "line": 62,
            "column": 30
          },
          "end": {
            "line": 70,
            "column": 1
          }
        },
        "line": 62
      }
    },
    "branchMap": {
      "0": {
        "loc": {
          "start": {
            "line": 15,
            "column": 4
          },
          "end": {
            "line": 15,
            "column": 514
          }
        },
        "type": "binary-expr",
        "locations": [
          {
            "start": {
              "line": 15,
              "column": 4
            },
            "end": {
              "line": 15,
              "column": 13
            }
          },
          {
            "start": {
              "line": 15,
              "column": 18
            },
            "end": {
              "line": 15,
              "column": 513
            }
          }
        ],
        "line": 15
      },
      "1": {
        "loc": {
          "start": {
            "line": 22,
            "column": 18
          },
          "end": {
            "line": 25,
            "column": 12
          }
        },
        "type": "binary-expr",
        "locations": [
          {
            "start": {
              "line": 22,
              "column": 18
            },
            "end": {
              "line": 22,
              "column": 27
            }
          },
          {
            "start": {
              "line": 22,
              "column": 32
            },
            "end": {
              "line": 25,
              "column": 11
            }
          }
        ],
        "line": 22
      },
      "2": {
        "loc": {
          "start": {
            "line": 58,
            "column": 0
          },
          "end": {
            "line": 58,
            "column": 108
          }
        },
        "type": "binary-expr",
        "locations": [
          {
            "start": {
              "line": 58,
              "column": 0
            },
            "end": {
              "line": 58,
              "column": 42
            }
          },
          {
            "start": {
              "line": 58,
              "column": 46
            },
            "end": {
              "line": 58,
              "column": 108
            }
          }
        ],
        "line": 58
      },
      "3": {
        "loc": {
          "start": {
            "line": 63,
            "column": 2
          },
          "end": {
            "line": 63,
            "column": 18
          }
        },
        "type": "if",
        "locations": [
          {
            "start": {
              "line": 63,
              "column": 2
            },
            "end": {
              "line": 63,
              "column": 18
            }
          },
          {
            "start": {},
            "end": {}
          }
        ],
        "line": 63
      },
      "4": {
        "loc": {
          "start": {
            "line": 65,
            "column": 2
          },
          "end": {
            "line": 69,
            "column": 3
          }
        },
        "type": "if",
        "locations": [
          {
            "start": {
              "line": 65,
              "column": 2
            },
            "end": {
              "line": 69,
              "column": 3
            }
          },
          {
            "start": {
              "line": 67,
              "column": 9
            },
            "end": {
              "line": 69,
              "column": 3
            }
          }
        ],
        "line": 65
      }
    },
    "s": {
      "0": 22,
      "1": 22,
      "2": 22,
      "3": 22,
      "4": 22,
      "5": 22,
      "6": 16,
      "7": 48,
      "8": 96,
      "9": 80,
      "10": 480,
      "11": 22,
      "12": 22,
      "13": 22,
      "14": 0,
      "15": 22,
      "16": 0,
      "17": 0,
      "18": 0,
      "19": 0,
      "20": 0,
      "21": 0
    },
    "f": {
      "0": 16,
      "1": 48,
      "2": 96,
      "3": 80,
      "4": 480,
      "5": 0,
      "6": 0
    },
    "b": {
      "0": [
        16,
        16
      ],
      "1": [
        48,
        16
      ],
      "2": [
        22,
        22
      ],
      "3": [
        0,
        0
      ],
      "4": [
        0,
        0
      ]
    },
    "inputSourceMap": {
      "version": 3,
      "mappings": ";;;;EACO,KAAK,EAAC,kBAAkB;EAAC,aAAW,EAAC;;qBAYnC,KAAK,EAAC,kBAAkB;qBACtB,KAAK,EAAC,gBAAgB;qBAOtB,KAAK,EAAC,gBAAgB;qBACpB,KAAK,EAAC,gBAAgB;;;wBArBjC,oBA6BM,OA7BN,UA6BM;;IAjBJ,oBAgBM,OAhBN,UAgBM;MAfJ,oBAKM,OALN,UAKM;uBAJJ,oBAGM,6BAHW,CAAC,GAAN,CAAC;iBAAb,oBAGM;YAHe,GAAG,EAAE,CAAC;YAAE,KAAK,EAAC;;YACjC,oBAAmC,SAA9B,KAAK,EAAC,qBAAqB;YAChC,oBAAmC,SAA9B,KAAK,EAAC,qBAAqB;;;;MAIpC,oBAOM,OAPN,UAOM;QANJ,oBAEM,OAFN,UAEM;yBADJ,oBAAmD,6BAAlC,CAAC,GAAN,CAAC;mBAAb,oBAAmD;cAA9B,GAAG,EAAE,CAAC;cAAE,KAAK,EAAC;;;;uBAErC,oBAEM,6BAFa,CAAC,GAAR,GAAG;iBAAf,oBAEM;YAFiB,GAAG,EAAE,GAAG;YAAE,KAAK,EAAC;;2BACrC,oBAAuD,6BAApC,CAAC,GAAR,GAAG;qBAAf,oBAAuD;gBAAhC,GAAG,EAAE,GAAG;gBAAE,KAAK,EAAC",
      "names": [],
      "ignoreList": [],
      "sources": [
        "C:/Users/Alain-Charles/Cowork/dev-gradle/RefontDeVueJs/src/views/RbtAnticipesView.vue"
      ],
      "file": "C:/Users/Alain-Charles/Cowork/dev-gradle/RefontDeVueJs/src/views/RbtAnticipesView.vue"
    },
    "_coverageSchema": "1a1c01bbd47fc00a2c39e90264f33305004495a9",
    "hash": "6d958667428bce91723af2b98d6cddc56a52688a"
  }
}